<?xml version="1.0" encoding="UTF-8"?>
<testng-results ignored="0" total="1" passed="1" failed="0" skipped="0">
  <reporter-output>
  </reporter-output>
  <suite started-at="2025-04-05T09:00:46Z" name="Default suite" finished-at="2025-04-05T09:01:00Z" duration-ms="13881">
    <groups>
    </groups>
    <test started-at="2025-04-05T09:00:46Z" name="Default test" finished-at="2025-04-05T09:01:00Z" duration-ms="13881">
      <class name="testcases.ResgistrationVerification">
        <test-method is-config="true" signature="setUp()[pri:0, instance:testcases.ResgistrationVerification@38467116]" started-at="2025-04-05T09:00:46Z" name="setUp" finished-at="2025-04-05T09:00:55Z" duration-ms="9574" status="PASS">
          <reporter-output>
          </reporter-output>
        </test-method> <!-- setUp -->
        <test-method signature="test()[pri:0, instance:testcases.ResgistrationVerification@38467116]" started-at="2025-04-05T09:00:55Z" name="test" finished-at="2025-04-05T09:01:00Z" duration-ms="4214" status="PASS">
          <reporter-output>
          </reporter-output>
        </test-method> <!-- test -->
      </class> <!-- testcases.ResgistrationVerification -->
    </test> <!-- Default test -->
  </suite> <!-- Default suite -->
</testng-results>
